<?xml version="1.0" encoding="UTF-8"?>
<coverage generated="1741827028520" clover="3.2.0">
  <project timestamp="1741827028521" name="All files">
    <metrics statements="100" coveredstatements="64" conditionals="46" coveredconditionals="23" methods="27" coveredmethods="22" elements="173" coveredelements="109" complexity="0" loc="100" ncloc="100" packages="1" files="2" classes="2"/>
    <file name="cli.js" path="/tmp/tmpbzgtox0m_run_okrohan_html-inline-external_issue_2_b13ced5c/src/cli.js">
      <metrics statements="34" coveredstatements="0" conditionals="15" coveredconditionals="0" methods="5" coveredmethods="0"/>
      <line num="3" count="0" type="stmt"/>
      <line num="4" count="0" type="stmt"/>
      <line num="5" count="0" type="stmt"/>
      <line num="6" count="0" type="stmt"/>
      <line num="7" count="0" type="stmt"/>
      <line num="8" count="0" type="stmt"/>
      <line num="10" count="0" type="stmt"/>
      <line num="12" count="0" type="stmt"/>
      <line num="20" count="0" type="stmt"/>
      <line num="22" count="0" type="cond" truecount="0" falsecount="2"/>
      <line num="24" count="0" type="cond" truecount="0" falsecount="1"/>
      <line num="25" count="0" type="stmt"/>
      <line num="26" count="0" type="stmt"/>
      <line num="29" count="0" type="stmt"/>
      <line num="30" count="0" type="stmt"/>
      <line num="32" count="0" type="cond" truecount="0" falsecount="4"/>
      <line num="33" count="0" type="stmt"/>
      <line num="34" count="0" type="stmt"/>
      <line num="36" count="0" type="cond" truecount="0" falsecount="2"/>
      <line num="37" count="0" type="stmt"/>
      <line num="44" count="0" type="stmt"/>
      <line num="45" count="0" type="stmt"/>
      <line num="46" count="0" type="stmt"/>
      <line num="47" count="0" type="stmt"/>
      <line num="50" count="0" type="cond" truecount="0" falsecount="2"/>
      <line num="51" count="0" type="stmt"/>
      <line num="52" count="0" type="stmt"/>
      <line num="53" count="0" type="stmt"/>
      <line num="55" count="0" type="stmt"/>
      <line num="56" count="0" type="stmt"/>
      <line num="58" count="0" type="cond" truecount="0" falsecount="2"/>
      <line num="59" count="0" type="stmt"/>
      <line num="61" count="0" type="stmt"/>
      <line num="65" count="0" type="stmt"/>
    </file>
    <file name="html-inline-external.js" path="/tmp/tmpbzgtox0m_run_okrohan_html-inline-external_issue_2_b13ced5c/src/html-inline-external.js">
      <metrics statements="66" coveredstatements="64" conditionals="31" coveredconditionals="23" methods="22" coveredmethods="22"/>
      <line num="1" count="2" type="stmt"/>
      <line num="2" count="2" type="stmt"/>
      <line num="3" count="2" type="stmt"/>
      <line num="4" count="2" type="stmt"/>
      <line num="5" count="2" type="stmt"/>
      <line num="7" count="2" type="stmt"/>
      <line num="8" count="2" type="stmt"/>
      <line num="10" count="2" type="stmt"/>
      <line num="13" count="41" type="stmt"/>
      <line num="15" count="28" type="stmt"/>
      <line num="17" count="41" type="stmt"/>
      <line num="19" count="41" type="stmt"/>
      <line num="20" count="38" type="stmt"/>
      <line num="22" count="2" type="stmt"/>
      <line num="30" count="2" type="stmt"/>
      <line num="35" count="30" type="stmt"/>
      <line num="36" count="60" type="stmt"/>
      <line num="38" count="2" type="cond" truecount="1" falsecount="0"/>
      <line num="39" count="15" type="stmt"/>
      <line num="40" count="15" type="cond" truecount="4" falsecount="0"/>
      <line num="41" count="13" type="stmt"/>
      <line num="42" count="12" type="cond" truecount="1" falsecount="1"/>
      <line num="46" count="2" type="stmt"/>
      <line num="47" count="14" type="cond" truecount="1" falsecount="1"/>
      <line num="48" count="14" type="cond" truecount="2" falsecount="0"/>
      <line num="49" count="7" type="stmt"/>
      <line num="50" count="6" type="stmt"/>
      <line num="51" count="6" type="stmt"/>
      <line num="55" count="2" type="stmt"/>
      <line num="56" count="6" type="cond" truecount="1" falsecount="1"/>
      <line num="57" count="6" type="cond" truecount="1" falsecount="1"/>
      <line num="58" count="6" type="stmt"/>
      <line num="61" count="2" type="stmt"/>
      <line num="62" count="10" type="stmt"/>
      <line num="63" count="10" type="stmt"/>
      <line num="65" count="10" type="cond" truecount="1" falsecount="1"/>
      <line num="66" count="10" type="cond" truecount="2" falsecount="0"/>
      <line num="68" count="8" type="stmt"/>
      <line num="69" count="7" type="stmt"/>
      <line num="70" count="7" type="stmt"/>
      <line num="71" count="7" type="stmt"/>
      <line num="75" count="2" type="stmt"/>
      <line num="76" count="16" type="cond" truecount="2" falsecount="1"/>
      <line num="78" count="10" type="stmt"/>
      <line num="81" count="6" type="stmt"/>
      <line num="83" count="0" type="stmt"/>
      <line num="87" count="2" type="stmt"/>
      <line num="88" count="39" type="cond" truecount="3" falsecount="1"/>
      <line num="90" count="14" type="stmt"/>
      <line num="92" count="16" type="stmt"/>
      <line num="94" count="9" type="stmt"/>
      <line num="96" count="0" type="stmt"/>
      <line num="100" count="31" type="stmt"/>
      <line num="102" count="39" type="stmt"/>
      <line num="105" count="2" type="stmt"/>
      <line num="107" count="13" type="stmt"/>
      <line num="108" count="13" type="stmt"/>
      <line num="109" count="13" type="stmt"/>
      <line num="110" count="13" type="stmt"/>
      <line num="111" count="31" type="stmt"/>
      <line num="112" count="12" type="stmt"/>
      <line num="113" count="12" type="cond" truecount="2" falsecount="0"/>
      <line num="114" count="11" type="cond" truecount="2" falsecount="0"/>
      <line num="115" count="1" type="stmt"/>
      <line num="118" count="12" type="stmt"/>
      <line num="122" count="2" type="stmt"/>
    </file>
  </project>
</coverage>
