{"/tmp/tmpbzgtox0m_run_okrohan_html-inline-external_issue_2_b13ced5c/src/cli.js": {"path":"/tmp/tmpbzgtox0m_run_okrohan_html-inline-external_issue_2_b13ced5c/src/cli.js","statementMap":{"0":{"start":{"line":3,"column":14},"end":{"line":3,"column":30}},"1":{"start":{"line":4,"column":20},"end":{"line":4,"column":44}},"2":{"start":{"line":5,"column":19},"end":{"line":5,"column":40}},"3":{"start":{"line":6,"column":26},"end":{"line":6,"column":39}},"4":{"start":{"line":7,"column":13},"end":{"line":7,"column":28}},"5":{"start":{"line":8,"column":27},"end":{"line":8,"column":63}},"6":{"start":{"line":10,"column":17},"end":{"line":10,"column":45}},"7":{"start":{"line":12,"column":18},"end":{"line":19,"column":1}},"8":{"start":{"line":20,"column":32},"end":{"line":20,"column":49}},"9":{"start":{"line":22,"column":19},"end":{"line":22,"column":98}},"10":{"start":{"line":22,"column":35},"end":{"line":22,"column":98}},"11":{"start":{"line":22,"column":48},"end":{"line":22,"column":98}},"12":{"start":{"line":24,"column":20},"end":{"line":27,"column":1}},"13":{"start":{"line":25,"column":2},"end":{"line":25,"column":45}},"14":{"start":{"line":26,"column":2},"end":{"line":26,"column":64}},"15":{"start":{"line":29,"column":17},"end":{"line":39,"column":1}},"16":{"start":{"line":30,"column":18},"end":{"line":30,"column":50}},"17":{"start":{"line":32,"column":2},"end":{"line":35,"column":3}},"18":{"start":{"line":33,"column":4},"end":{"line":33,"column":86}},"19":{"start":{"line":34,"column":4},"end":{"line":34,"column":20}},"20":{"start":{"line":36,"column":2},"end":{"line":38,"column":3}},"21":{"start":{"line":37,"column":4},"end":{"line":37,"column":97}},"22":{"start":{"line":44,"column":6},"end":{"line":44,"column":10}},"23":{"start":{"line":45,"column":2},"end":{"line":45,"column":13}},"24":{"start":{"line":46,"column":2},"end":{"line":62,"column":3}},"25":{"start":{"line":47,"column":24},"end":{"line":49,"column":6}},"26":{"start":{"line":50,"column":4},"end":{"line":59,"column":34}},"27":{"start":{"line":51,"column":6},"end":{"line":57,"column":7}},"28":{"start":{"line":52,"column":8},"end":{"line":52,"column":42}},"29":{"start":{"line":53,"column":8},"end":{"line":53,"column":51}},"30":{"start":{"line":55,"column":8},"end":{"line":55,"column":65}},"31":{"start":{"line":56,"column":8},"end":{"line":56,"column":39}},"32":{"start":{"line":58,"column":11},"end":{"line":59,"column":34}},"33":{"start":{"line":58,"column":21},"end":{"line":58,"column":52}},"34":{"start":{"line":59,"column":9},"end":{"line":59,"column":34}},"35":{"start":{"line":61,"column":4},"end":{"line":61,"column":54}},"36":{"start":{"line":65,"column":0},"end":{"line":65,"column":7}}},"fnMap":{"0":{"name":"(anonymous_0)","decl":{"start":{"line":22,"column":19},"end":{"line":22,"column":20}},"loc":{"start":{"line":22,"column":35},"end":{"line":22,"column":98}},"line":22},"1":{"name":"(anonymous_1)","decl":{"start":{"line":22,"column":35},"end":{"line":22,"column":36}},"loc":{"start":{"line":22,"column":48},"end":{"line":22,"column":98}},"line":22},"2":{"name":"(anonymous_2)","decl":{"start":{"line":24,"column":20},"end":{"line":24,"column":21}},"loc":{"start":{"line":24,"column":54},"end":{"line":27,"column":1}},"line":24},"3":{"name":"(anonymous_3)","decl":{"start":{"line":29,"column":17},"end":{"line":29,"column":18}},"loc":{"start":{"line":29,"column":23},"end":{"line":39,"column":1}},"line":29},"4":{"name":"main","decl":{"start":{"line":41,"column":15},"end":{"line":41,"column":19}},"loc":{"start":{"line":41,"column":22},"end":{"line":63,"column":1}},"line":41}},"branchMap":{"0":{"loc":{"start":{"line":22,"column":48},"end":{"line":22,"column":98}},"type":"binary-expr","locations":[{"start":{"line":22,"column":48},"end":{"line":22,"column":58}},{"start":{"line":22,"column":62},"end":{"line":22,"column":98}}],"line":22},"1":{"loc":{"start":{"line":24,"column":21},"end":{"line":24,"column":43}},"type":"default-arg","locations":[{"start":{"line":24,"column":28},"end":{"line":24,"column":43}}],"line":24},"2":{"loc":{"start":{"line":32,"column":2},"end":{"line":35,"column":3}},"type":"if","locations":[{"start":{"line":32,"column":2},"end":{"line":35,"column":3}},{"start":{},"end":{}}],"line":32},"3":{"loc":{"start":{"line":32,"column":6},"end":{"line":32,"column":69}},"type":"binary-expr","locations":[{"start":{"line":32,"column":6},"end":{"line":32,"column":26}},{"start":{"line":32,"column":30},"end":{"line":32,"column":69}}],"line":32},"4":{"loc":{"start":{"line":36,"column":2},"end":{"line":38,"column":3}},"type":"if","locations":[{"start":{"line":36,"column":2},"end":{"line":38,"column":3}},{"start":{},"end":{}}],"line":36},"5":{"loc":{"start":{"line":48,"column":31},"end":{"line":48,"column":61}},"type":"binary-expr","locations":[{"start":{"line":48,"column":31},"end":{"line":48,"column":35}},{"start":{"line":48,"column":39},"end":{"line":48,"column":61}}],"line":48},"6":{"loc":{"start":{"line":50,"column":4},"end":{"line":59,"column":34}},"type":"if","locations":[{"start":{"line":50,"column":4},"end":{"line":59,"column":34}},{"start":{"line":58,"column":11},"end":{"line":59,"column":34}}],"line":50},"7":{"loc":{"start":{"line":58,"column":11},"end":{"line":59,"column":34}},"type":"if","locations":[{"start":{"line":58,"column":11},"end":{"line":59,"column":34}},{"start":{"line":59,"column":9},"end":{"line":59,"column":34}}],"line":58}},"s":{"0":0,"1":0,"2":0,"3":0,"4":0,"5":0,"6":0,"7":0,"8":0,"9":0,"10":0,"11":0,"12":0,"13":0,"14":0,"15":0,"16":0,"17":0,"18":0,"19":0,"20":0,"21":0,"22":0,"23":0,"24":0,"25":0,"26":0,"27":0,"28":0,"29":0,"30":0,"31":0,"32":0,"33":0,"34":0,"35":0,"36":0},"f":{"0":0,"1":0,"2":0,"3":0,"4":0},"b":{"0":[0,0],"1":[0],"2":[0,0],"3":[0,0],"4":[0,0],"5":[0,0],"6":[0,0],"7":[0,0]}}
,"/tmp/tmpbzgtox0m_run_okrohan_html-inline-external_issue_2_b13ced5c/src/html-inline-external.js": {"path":"/tmp/tmpbzgtox0m_run_okrohan_html-inline-external_issue_2_b13ced5c/src/html-inline-external.js","statementMap":{"0":{"start":{"line":1,"column":33},"end":{"line":1,"column":46}},"1":{"start":{"line":2,"column":14},"end":{"line":2,"column":30}},"2":{"start":{"line":3,"column":13},"end":{"line":3,"column":28}},"3":{"start":{"line":4,"column":21},"end":{"line":4,"column":45}},"4":{"start":{"line":5,"column":17},"end":{"line":5,"column":34}},"5":{"start":{"line":7,"column":21},"end":{"line":7,"column":31}},"6":{"start":{"line":8,"column":18},"end":{"line":8,"column":23}},"7":{"start":{"line":10,"column":13},"end":{"line":10,"column":15}},"8":{"start":{"line":13,"column":20},"end":{"line":13,"column":68}},"9":{"start":{"line":13,"column":29},"end":{"line":13,"column":68}},"10":{"start":{"line":15,"column":23},"end":{"line":15,"column":52}},"11":{"start":{"line":15,"column":33},"end":{"line":15,"column":51}},"12":{"start":{"line":17,"column":16},"end":{"line":17,"column":51}},"13":{"start":{"line":17,"column":25},"end":{"line":17,"column":51}},"14":{"start":{"line":19,"column":22},"end":{"line":20,"column":61}},"15":{"start":{"line":19,"column":39},"end":{"line":20,"column":61}},"16":{"start":{"line":20,"column":20},"end":{"line":20,"column":60}},"17":{"start":{"line":22,"column":18},"end":{"line":28,"column":1}},"18":{"start":{"line":30,"column":33},"end":{"line":33,"column":1}},"19":{"start":{"line":35,"column":41},"end":{"line":36,"column":55}},"20":{"start":{"line":35,"column":50},"end":{"line":36,"column":55}},"21":{"start":{"line":36,"column":26},"end":{"line":36,"column":54}},"22":{"start":{"line":38,"column":29},"end":{"line":44,"column":1}},"23":{"start":{"line":39,"column":14},"end":{"line":39,"column":52}},"24":{"start":{"line":40,"column":2},"end":{"line":40,"column":63}},"25":{"start":{"line":40,"column":38},"end":{"line":40,"column":63}},"26":{"start":{"line":41,"column":2},"end":{"line":43,"column":5}},"27":{"start":{"line":42,"column":4},"end":{"line":42,"column":127}},"28":{"start":{"line":46,"column":30},"end":{"line":53,"column":1}},"29":{"start":{"line":47,"column":2},"end":{"line":47,"column":61}},"30":{"start":{"line":47,"column":36},"end":{"line":47,"column":61}},"31":{"start":{"line":48,"column":2},"end":{"line":48,"column":94}},"32":{"start":{"line":48,"column":69},"end":{"line":48,"column":94}},"33":{"start":{"line":49,"column":2},"end":{"line":52,"column":5}},"34":{"start":{"line":50,"column":4},"end":{"line":50,"column":29}},"35":{"start":{"line":51,"column":4},"end":{"line":51,"column":35}},"36":{"start":{"line":55,"column":28},"end":{"line":59,"column":1}},"37":{"start":{"line":56,"column":2},"end":{"line":56,"column":62}},"38":{"start":{"line":56,"column":37},"end":{"line":56,"column":62}},"39":{"start":{"line":57,"column":2},"end":{"line":57,"column":95}},"40":{"start":{"line":57,"column":70},"end":{"line":57,"column":95}},"41":{"start":{"line":58,"column":2},"end":{"line":58,"column":69}},"42":{"start":{"line":61,"column":34},"end":{"line":73,"column":1}},"43":{"start":{"line":62,"column":15},"end":{"line":62,"column":43}},"44":{"start":{"line":63,"column":28},"end":{"line":63,"column":35}},"45":{"start":{"line":65,"column":2},"end":{"line":65,"column":38}},"46":{"start":{"line":65,"column":13},"end":{"line":65,"column":38}},"47":{"start":{"line":66,"column":2},"end":{"line":66,"column":95}},"48":{"start":{"line":66,"column":70},"end":{"line":66,"column":95}},"49":{"start":{"line":68,"column":2},"end":{"line":72,"column":5}},"50":{"start":{"line":69,"column":18},"end":{"line":69,"column":49}},"51":{"start":{"line":70,"column":4},"end":{"line":70,"column":27}},"52":{"start":{"line":71,"column":4},"end":{"line":71,"column":47}},"53":{"start":{"line":75,"column":28},"end":{"line":85,"column":1}},"54":{"start":{"line":76,"column":2},"end":{"line":84,"column":3}},"55":{"start":{"line":78,"column":6},"end":{"line":78,"column":52}},"56":{"start":{"line":81,"column":6},"end":{"line":81,"column":46}},"57":{"start":{"line":83,"column":6},"end":{"line":83,"column":31}},"58":{"start":{"line":87,"column":23},"end":{"line":98,"column":1}},"59":{"start":{"line":88,"column":2},"end":{"line":97,"column":3}},"60":{"start":{"line":90,"column":6},"end":{"line":90,"column":48}},"61":{"start":{"line":92,"column":6},"end":{"line":92,"column":46}},"62":{"start":{"line":94,"column":6},"end":{"line":94,"column":47}},"63":{"start":{"line":96,"column":6},"end":{"line":96,"column":31}},"64":{"start":{"line":100,"column":19},"end":{"line":103,"column":1}},"65":{"start":{"line":100,"column":32},"end":{"line":103,"column":1}},"66":{"start":{"line":102,"column":22},"end":{"line":102,"column":54}},"67":{"start":{"line":105,"column":27},"end":{"line":120,"column":2}},"68":{"start":{"line":107,"column":6},"end":{"line":120,"column":2}},"69":{"start":{"line":108,"column":14},"end":{"line":108,"column":35}},"70":{"start":{"line":109,"column":2},"end":{"line":109,"column":33}},"71":{"start":{"line":110,"column":2},"end":{"line":110,"column":29}},"72":{"start":{"line":111,"column":2},"end":{"line":119,"column":5}},"73":{"start":{"line":111,"column":39},"end":{"line":111,"column":54}},"74":{"start":{"line":112,"column":22},"end":{"line":112,"column":37}},"75":{"start":{"line":113,"column":4},"end":{"line":117,"column":5}},"76":{"start":{"line":113,"column":16},"end":{"line":113,"column":52}},"77":{"start":{"line":114,"column":9},"end":{"line":117,"column":5}},"78":{"start":{"line":115,"column":6},"end":{"line":116,"column":71}},"79":{"start":{"line":118,"column":4},"end":{"line":118,"column":40}},"80":{"start":{"line":122,"column":0},"end":{"line":122,"column":36}}},"fnMap":{"0":{"name":"(anonymous_0)","decl":{"start":{"line":13,"column":20},"end":{"line":13,"column":21}},"loc":{"start":{"line":13,"column":29},"end":{"line":13,"column":68}},"line":13},"1":{"name":"(anonymous_1)","decl":{"start":{"line":15,"column":23},"end":{"line":15,"column":24}},"loc":{"start":{"line":15,"column":33},"end":{"line":15,"column":51}},"line":15},"2":{"name":"(anonymous_2)","decl":{"start":{"line":17,"column":16},"end":{"line":17,"column":17}},"loc":{"start":{"line":17,"column":25},"end":{"line":17,"column":51}},"line":17},"3":{"name":"(anonymous_3)","decl":{"start":{"line":19,"column":22},"end":{"line":19,"column":23}},"loc":{"start":{"line":19,"column":39},"end":{"line":20,"column":61}},"line":19},"4":{"name":"(anonymous_4)","decl":{"start":{"line":20,"column":8},"end":{"line":20,"column":9}},"loc":{"start":{"line":20,"column":20},"end":{"line":20,"column":60}},"line":20},"5":{"name":"(anonymous_5)","decl":{"start":{"line":35,"column":41},"end":{"line":35,"column":42}},"loc":{"start":{"line":35,"column":50},"end":{"line":36,"column":55}},"line":35},"6":{"name":"(anonymous_6)","decl":{"start":{"line":36,"column":8},"end":{"line":36,"column":9}},"loc":{"start":{"line":36,"column":26},"end":{"line":36,"column":54}},"line":36},"7":{"name":"(anonymous_7)","decl":{"start":{"line":38,"column":29},"end":{"line":38,"column":30}},"loc":{"start":{"line":38,"column":72},"end":{"line":44,"column":1}},"line":38},"8":{"name":"(anonymous_8)","decl":{"start":{"line":41,"column":59},"end":{"line":41,"column":60}},"loc":{"start":{"line":41,"column":77},"end":{"line":43,"column":3}},"line":41},"9":{"name":"(anonymous_9)","decl":{"start":{"line":46,"column":30},"end":{"line":46,"column":31}},"loc":{"start":{"line":46,"column":47},"end":{"line":53,"column":1}},"line":46},"10":{"name":"(anonymous_10)","decl":{"start":{"line":49,"column":73},"end":{"line":49,"column":74}},"loc":{"start":{"line":49,"column":83},"end":{"line":52,"column":3}},"line":49},"11":{"name":"(anonymous_11)","decl":{"start":{"line":55,"column":28},"end":{"line":55,"column":29}},"loc":{"start":{"line":55,"column":51},"end":{"line":59,"column":1}},"line":55},"12":{"name":"(anonymous_12)","decl":{"start":{"line":61,"column":34},"end":{"line":61,"column":35}},"loc":{"start":{"line":61,"column":51},"end":{"line":73,"column":1}},"line":61},"13":{"name":"(anonymous_13)","decl":{"start":{"line":68,"column":50},"end":{"line":68,"column":51}},"loc":{"start":{"line":68,"column":60},"end":{"line":72,"column":3}},"line":68},"14":{"name":"(anonymous_14)","decl":{"start":{"line":75,"column":28},"end":{"line":75,"column":29}},"loc":{"start":{"line":75,"column":45},"end":{"line":85,"column":1}},"line":75},"15":{"name":"(anonymous_15)","decl":{"start":{"line":87,"column":23},"end":{"line":87,"column":24}},"loc":{"start":{"line":87,"column":45},"end":{"line":98,"column":1}},"line":87},"16":{"name":"(anonymous_16)","decl":{"start":{"line":100,"column":19},"end":{"line":100,"column":20}},"loc":{"start":{"line":100,"column":32},"end":{"line":103,"column":1}},"line":100},"17":{"name":"(anonymous_17)","decl":{"start":{"line":102,"column":9},"end":{"line":102,"column":10}},"loc":{"start":{"line":102,"column":22},"end":{"line":102,"column":54}},"line":102},"18":{"name":"(anonymous_18)","decl":{"start":{"line":105,"column":27},"end":{"line":105,"column":28}},"loc":{"start":{"line":107,"column":6},"end":{"line":120,"column":2}},"line":107},"19":{"name":"(anonymous_19)","decl":{"start":{"line":107,"column":30},"end":{"line":107,"column":31}},"loc":{"start":{"line":107,"column":46},"end":{"line":120,"column":1}},"line":107},"20":{"name":"(anonymous_20)","decl":{"start":{"line":111,"column":30},"end":{"line":111,"column":31}},"loc":{"start":{"line":111,"column":39},"end":{"line":111,"column":54}},"line":111},"21":{"name":"(anonymous_21)","decl":{"start":{"line":111,"column":62},"end":{"line":111,"column":63}},"loc":{"start":{"line":111,"column":68},"end":{"line":119,"column":3}},"line":111}},"branchMap":{"0":{"loc":{"start":{"line":38,"column":41},"end":{"line":38,"column":65}},"type":"default-arg","locations":[{"start":{"line":38,"column":60},"end":{"line":38,"column":65}}],"line":38},"1":{"loc":{"start":{"line":40,"column":2},"end":{"line":40,"column":63}},"type":"if","locations":[{"start":{"line":40,"column":2},"end":{"line":40,"column":63}},{"start":{},"end":{}}],"line":40},"2":{"loc":{"start":{"line":40,"column":6},"end":{"line":40,"column":36}},"type":"binary-expr","locations":[{"start":{"line":40,"column":6},"end":{"line":40,"column":10}},{"start":{"line":40,"column":14},"end":{"line":40,"column":36}}],"line":40},"3":{"loc":{"start":{"line":42,"column":51},"end":{"line":42,"column":99}},"type":"binary-expr","locations":[{"start":{"line":42,"column":51},"end":{"line":42,"column":88}},{"start":{"line":42,"column":92},"end":{"line":42,"column":99}}],"line":42},"4":{"loc":{"start":{"line":47,"column":2},"end":{"line":47,"column":61}},"type":"if","locations":[{"start":{"line":47,"column":2},"end":{"line":47,"column":61}},{"start":{},"end":{}}],"line":47},"5":{"loc":{"start":{"line":48,"column":2},"end":{"line":48,"column":94}},"type":"if","locations":[{"start":{"line":48,"column":2},"end":{"line":48,"column":94}},{"start":{},"end":{}}],"line":48},"6":{"loc":{"start":{"line":56,"column":2},"end":{"line":56,"column":62}},"type":"if","locations":[{"start":{"line":56,"column":2},"end":{"line":56,"column":62}},{"start":{},"end":{}}],"line":56},"7":{"loc":{"start":{"line":57,"column":2},"end":{"line":57,"column":95}},"type":"if","locations":[{"start":{"line":57,"column":2},"end":{"line":57,"column":95}},{"start":{},"end":{}}],"line":57},"8":{"loc":{"start":{"line":65,"column":2},"end":{"line":65,"column":38}},"type":"if","locations":[{"start":{"line":65,"column":2},"end":{"line":65,"column":38}},{"start":{},"end":{}}],"line":65},"9":{"loc":{"start":{"line":66,"column":2},"end":{"line":66,"column":95}},"type":"if","locations":[{"start":{"line":66,"column":2},"end":{"line":66,"column":95}},{"start":{},"end":{}}],"line":66},"10":{"loc":{"start":{"line":76,"column":2},"end":{"line":84,"column":3}},"type":"switch","locations":[{"start":{"line":77,"column":4},"end":{"line":78,"column":52}},{"start":{"line":80,"column":4},"end":{"line":81,"column":46}},{"start":{"line":82,"column":4},"end":{"line":83,"column":31}}],"line":76},"11":{"loc":{"start":{"line":88,"column":2},"end":{"line":97,"column":3}},"type":"switch","locations":[{"start":{"line":89,"column":4},"end":{"line":90,"column":48}},{"start":{"line":91,"column":4},"end":{"line":92,"column":46}},{"start":{"line":93,"column":4},"end":{"line":94,"column":47}},{"start":{"line":95,"column":4},"end":{"line":96,"column":31}}],"line":88},"12":{"loc":{"start":{"line":106,"column":7},"end":{"line":106,"column":39}},"type":"default-arg","locations":[{"start":{"line":106,"column":14},"end":{"line":106,"column":39}}],"line":106},"13":{"loc":{"start":{"line":113,"column":4},"end":{"line":117,"column":5}},"type":"if","locations":[{"start":{"line":113,"column":4},"end":{"line":117,"column":5}},{"start":{"line":114,"column":9},"end":{"line":117,"column":5}}],"line":113},"14":{"loc":{"start":{"line":114,"column":9},"end":{"line":117,"column":5}},"type":"if","locations":[{"start":{"line":114,"column":9},"end":{"line":117,"column":5}},{"start":{},"end":{}}],"line":114}},"s":{"0":2,"1":2,"2":2,"3":2,"4":2,"5":2,"6":2,"7":2,"8":2,"9":41,"10":2,"11":28,"12":2,"13":41,"14":2,"15":41,"16":38,"17":2,"18":2,"19":2,"20":30,"21":60,"22":2,"23":15,"24":15,"25":2,"26":13,"27":12,"28":2,"29":14,"30":0,"31":14,"32":7,"33":7,"34":6,"35":6,"36":2,"37":6,"38":0,"39":6,"40":0,"41":6,"42":2,"43":10,"44":10,"45":10,"46":0,"47":10,"48":2,"49":8,"50":7,"51":7,"52":7,"53":2,"54":16,"55":10,"56":6,"57":0,"58":2,"59":39,"60":14,"61":16,"62":9,"63":0,"64":2,"65":31,"66":39,"67":2,"68":13,"69":13,"70":13,"71":13,"72":13,"73":31,"74":12,"75":12,"76":1,"77":11,"78":1,"79":12,"80":2},"f":{"0":41,"1":28,"2":41,"3":41,"4":38,"5":30,"6":60,"7":15,"8":12,"9":14,"10":6,"11":6,"12":10,"13":7,"14":16,"15":39,"16":31,"17":39,"18":13,"19":13,"20":31,"21":12},"b":{"0":[9],"1":[2,13],"2":[15,15],"3":[12,0],"4":[0,14],"5":[7,7],"6":[0,6],"7":[0,6],"8":[0,10],"9":[2,8],"10":[10,6,0],"11":[14,16,9,0],"12":[0],"13":[1,11],"14":[1,10]},"_coverageSchema":"1a1c01bbd47fc00a2c39e90264f33305004495a9","hash":"2ad312fe83378ef9d4969e3bc864ccba57b62881"}
}
