TN:
SF:src/cli.js
FN:22,(anonymous_0)
FN:22,(anonymous_1)
FN:24,(anonymous_2)
FN:29,(anonymous_3)
FN:41,main
FNF:5
FNH:0
FNDA:0,(anonymous_0)
FNDA:0,(anonymous_1)
FNDA:0,(anonymous_2)
FNDA:0,(anonymous_3)
FNDA:0,main
DA:3,0
DA:4,0
DA:5,0
DA:6,0
DA:7,0
DA:8,0
DA:10,0
DA:12,0
DA:20,0
DA:22,0
DA:24,0
DA:25,0
DA:26,0
DA:29,0
DA:30,0
DA:32,0
DA:33,0
DA:34,0
DA:36,0
DA:37,0
DA:44,0
DA:45,0
DA:46,0
DA:47,0
DA:50,0
DA:51,0
DA:52,0
DA:53,0
DA:55,0
DA:56,0
DA:58,0
DA:59,0
DA:61,0
DA:65,0
LF:34
LH:0
BRDA:22,0,0,0
BRDA:22,0,1,0
BRDA:24,1,0,0
BRDA:32,2,0,0
BRDA:32,2,1,0
BRDA:32,3,0,0
BRDA:32,3,1,0
BRDA:36,4,0,0
BRDA:36,4,1,0
BRDA:48,5,0,0
BRDA:48,5,1,0
BRDA:50,6,0,0
BRDA:50,6,1,0
BRDA:58,7,0,0
BRDA:58,7,1,0
BRF:15
BRH:0
end_of_record
TN:
SF:src/html-inline-external.js
FN:13,(anonymous_0)
FN:15,(anonymous_1)
FN:17,(anonymous_2)
FN:19,(anonymous_3)
FN:20,(anonymous_4)
FN:35,(anonymous_5)
FN:36,(anonymous_6)
FN:38,(anonymous_7)
FN:41,(anonymous_8)
FN:46,(anonymous_9)
FN:49,(anonymous_10)
FN:55,(anonymous_11)
FN:61,(anonymous_12)
FN:68,(anonymous_13)
FN:75,(anonymous_14)
FN:87,(anonymous_15)
FN:100,(anonymous_16)
FN:102,(anonymous_17)
FN:105,(anonymous_18)
FN:107,(anonymous_19)
FN:111,(anonymous_20)
FN:111,(anonymous_21)
FNF:22
FNH:22
FNDA:41,(anonymous_0)
FNDA:28,(anonymous_1)
FNDA:41,(anonymous_2)
FNDA:41,(anonymous_3)
FNDA:38,(anonymous_4)
FNDA:30,(anonymous_5)
FNDA:60,(anonymous_6)
FNDA:15,(anonymous_7)
FNDA:12,(anonymous_8)
FNDA:14,(anonymous_9)
FNDA:6,(anonymous_10)
FNDA:6,(anonymous_11)
FNDA:10,(anonymous_12)
FNDA:7,(anonymous_13)
FNDA:16,(anonymous_14)
FNDA:39,(anonymous_15)
FNDA:31,(anonymous_16)
FNDA:39,(anonymous_17)
FNDA:13,(anonymous_18)
FNDA:13,(anonymous_19)
FNDA:31,(anonymous_20)
FNDA:12,(anonymous_21)
DA:1,2
DA:2,2
DA:3,2
DA:4,2
DA:5,2
DA:7,2
DA:8,2
DA:10,2
DA:13,41
DA:15,28
DA:17,41
DA:19,41
DA:20,38
DA:22,2
DA:30,2
DA:35,30
DA:36,60
DA:38,2
DA:39,15
DA:40,15
DA:41,13
DA:42,12
DA:46,2
DA:47,14
DA:48,14
DA:49,7
DA:50,6
DA:51,6
DA:55,2
DA:56,6
DA:57,6
DA:58,6
DA:61,2
DA:62,10
DA:63,10
DA:65,10
DA:66,10
DA:68,8
DA:69,7
DA:70,7
DA:71,7
DA:75,2
DA:76,16
DA:78,10
DA:81,6
DA:83,0
DA:87,2
DA:88,39
DA:90,14
DA:92,16
DA:94,9
DA:96,0
DA:100,31
DA:102,39
DA:105,2
DA:107,13
DA:108,13
DA:109,13
DA:110,13
DA:111,31
DA:112,12
DA:113,12
DA:114,11
DA:115,1
DA:118,12
DA:122,2
LF:66
LH:64
BRDA:38,0,0,9
BRDA:40,1,0,2
BRDA:40,1,1,13
BRDA:40,2,0,15
BRDA:40,2,1,15
BRDA:42,3,0,12
BRDA:42,3,1,0
BRDA:47,4,0,0
BRDA:47,4,1,14
BRDA:48,5,0,7
BRDA:48,5,1,7
BRDA:56,6,0,0
BRDA:56,6,1,6
BRDA:57,7,0,0
BRDA:57,7,1,6
BRDA:65,8,0,0
BRDA:65,8,1,10
BRDA:66,9,0,2
BRDA:66,9,1,8
BRDA:76,10,0,10
BRDA:76,10,1,6
BRDA:76,10,2,0
BRDA:88,11,0,14
BRDA:88,11,1,16
BRDA:88,11,2,9
BRDA:88,11,3,0
BRDA:106,12,0,0
BRDA:113,13,0,1
BRDA:113,13,1,11
BRDA:114,14,0,1
BRDA:114,14,1,10
BRF:31
BRH:23
end_of_record
